2004-11-18 17:51:09,203 [main] ERROR hibernate.util.JDBCExceptionReporter(46)  -> Batch entry 0 delete from turq_inventory_warehouses where inventory_warehouses_id= was aborted. Call getNextException() to see the cause.
2004-11-18 17:51:09,218 [main] ERROR hibernate.util.JDBCExceptionReporter(46)  -> ERROR: update or delete on "turq_inventory_warehouses" violates foreign key constraint "$1" on "turq_inventory_transactions"

2004-11-18 17:51:09,218 [main] ERROR hibernate.util.JDBCExceptionReporter(46)  -> Batch entry 0 delete from turq_inventory_warehouses where inventory_warehouses_id= was aborted. Call getNextException() to see the cause.
2004-11-18 17:51:09,218 [main] ERROR hibernate.util.JDBCExceptionReporter(46)  -> ERROR: update or delete on "turq_inventory_warehouses" violates foreign key constraint "$1" on "turq_inventory_transactions"

2004-11-18 17:51:09,218 [main] ERROR hibernate.util.JDBCExceptionReporter(38)  -> Could not execute JDBC batch update
Batch entry 0 delete from turq_inventory_warehouses where inventory_warehouses_id= was aborted. Call getNextException() to see the cause.
	at org.postgresql.jdbc2.AbstractJdbc2Statement.executeBatch(AbstractJdbc2Statement.java:108)
	at net.sf.hibernate.impl.BatchingBatcher.doExecuteBatch(BatchingBatcher.java:54)
	at net.sf.hibernate.impl.BatcherImpl.executeBatch(BatcherImpl.java:118)
	at net.sf.hibernate.impl.SessionImpl.executeAll(SessionImpl.java:2311)
	at net.sf.hibernate.impl.SessionImpl.execute(SessionImpl.java:2266)
	at net.sf.hibernate.impl.SessionImpl.flush(SessionImpl.java:2187)
	at com.turquaz.inventory.dal.InvDALWarehouseUpdate.deleteObject(InvDALWarehouseUpdate.java:62)
	at com.turquaz.inventory.bl.InvBLWarehouseUpdate.deleteObject(InvBLWarehouseUpdate.java:66)
	at com.turquaz.inventory.ui.InvUIWarehouseUpdate.toolDeleteWidgetSelected(InvUIWarehouseUpdate.java:252)
	at com.turquaz.inventory.ui.InvUIWarehouseUpdate$2.widgetSelected(InvUIWarehouseUpdate.java:133)
	at org.eclipse.swt.widgets.TypedListener.handleEvent(TypedListener.java:89)
	at org.eclipse.swt.widgets.EventTable.sendEvent(EventTable.java:82)
	at org.eclipse.swt.widgets.Widget.sendEvent(Widget.java:796)
	at org.eclipse.swt.widgets.Display.runDeferredEvents(Display.java:2772)
	at org.eclipse.swt.widgets.Display.readAndDispatch(Display.java:2431)
	at com.turquaz.inventory.ui.InvUIWarehouseUpdate.open(InvUIWarehouseUpdate.java:171)
	at com.turquaz.inventory.ui.InvUIWarehouseSearch.tableInvUIWarehousesMouseDoubleClick(InvUIWarehouseSearch.java:279)
	at com.turquaz.inventory.ui.InvUIWarehouseSearch$1.mouseDoubleClick(InvUIWarehouseSearch.java:188)
	at org.eclipse.swt.widgets.TypedListener.handleEvent(TypedListener.java:140)
	at org.eclipse.swt.widgets.EventTable.sendEvent(EventTable.java:82)
	at org.eclipse.swt.widgets.Widget.sendEvent(Widget.java:796)
	at org.eclipse.swt.widgets.Display.runDeferredEvents(Display.java:2772)
	at org.eclipse.swt.widgets.Display.readAndDispatch(Display.java:2431)
	at com.turquaz.engine.ui.EngUIMainFrame.showGUI2(EngUIMainFrame.java:938)
	at com.turquaz.engine.ui.EngUIEntryFrame.btnOkMouseUp(EngUIEntryFrame.java:291)
	at com.turquaz.engine.ui.EngUIEntryFrame$3.mouseUp(EngUIEntryFrame.java:229)
	at org.eclipse.swt.widgets.TypedListener.handleEvent(TypedListener.java:136)
	at org.eclipse.swt.widgets.EventTable.sendEvent(EventTable.java:82)
	at org.eclipse.swt.widgets.Widget.sendEvent(Widget.java:796)
	at org.eclipse.swt.widgets.Display.runDeferredEvents(Display.java:2772)
	at org.eclipse.swt.widgets.Display.readAndDispatch(Display.java:2431)
	at com.turquaz.engine.ui.EngUIEntryFrame.showGUI(EngUIEntryFrame.java:123)
	at com.turquaz.engine.ui.EngUIEntryFrame.main(EngUIEntryFrame.java:96)
2004-11-18 17:51:09,218 [main] ERROR hibernate.impl.SessionImpl(2269)  -> Could not synchronize database state with session
net.sf.hibernate.JDBCException: Could not execute JDBC batch update
	at net.sf.hibernate.impl.BatcherImpl.executeBatch(BatcherImpl.java:125)
	at net.sf.hibernate.impl.SessionImpl.executeAll(SessionImpl.java:2311)
	at net.sf.hibernate.impl.SessionImpl.execute(SessionImpl.java:2266)
	at net.sf.hibernate.impl.SessionImpl.flush(SessionImpl.java:2187)
	at com.turquaz.inventory.dal.InvDALWarehouseUpdate.deleteObject(InvDALWarehouseUpdate.java:62)
	at com.turquaz.inventory.bl.InvBLWarehouseUpdate.deleteObject(InvBLWarehouseUpdate.java:66)
	at com.turquaz.inventory.ui.InvUIWarehouseUpdate.toolDeleteWidgetSelected(InvUIWarehouseUpdate.java:252)
	at com.turquaz.inventory.ui.InvUIWarehouseUpdate$2.widgetSelected(InvUIWarehouseUpdate.java:133)
	at org.eclipse.swt.widgets.TypedListener.handleEvent(TypedListener.java:89)
	at org.eclipse.swt.widgets.EventTable.sendEvent(EventTable.java:82)
	at org.eclipse.swt.widgets.Widget.sendEvent(Widget.java:796)
	at org.eclipse.swt.widgets.Display.runDeferredEvents(Display.java:2772)
	at org.eclipse.swt.widgets.Display.readAndDispatch(Display.java:2431)
	at com.turquaz.inventory.ui.InvUIWarehouseUpdate.open(InvUIWarehouseUpdate.java:171)
	at com.turquaz.inventory.ui.InvUIWarehouseSearch.tableInvUIWarehousesMouseDoubleClick(InvUIWarehouseSearch.java:279)
	at com.turquaz.inventory.ui.InvUIWarehouseSearch$1.mouseDoubleClick(InvUIWarehouseSearch.java:188)
	at org.eclipse.swt.widgets.TypedListener.handleEvent(TypedListener.java:140)
	at org.eclipse.swt.widgets.EventTable.sendEvent(EventTable.java:82)
	at org.eclipse.swt.widgets.Widget.sendEvent(Widget.java:796)
	at org.eclipse.swt.widgets.Display.runDeferredEvents(Display.java:2772)
	at org.eclipse.swt.widgets.Display.readAndDispatch(Display.java:2431)
	at com.turquaz.engine.ui.EngUIMainFrame.showGUI2(EngUIMainFrame.java:938)
	at com.turquaz.engine.ui.EngUIEntryFrame.btnOkMouseUp(EngUIEntryFrame.java:291)
	at com.turquaz.engine.ui.EngUIEntryFrame$3.mouseUp(EngUIEntryFrame.java:229)
	at org.eclipse.swt.widgets.TypedListener.handleEvent(TypedListener.java:136)
	at org.eclipse.swt.widgets.EventTable.sendEvent(EventTable.java:82)
	at org.eclipse.swt.widgets.Widget.sendEvent(Widget.java:796)
	at org.eclipse.swt.widgets.Display.runDeferredEvents(Display.java:2772)
	at org.eclipse.swt.widgets.Display.readAndDispatch(Display.java:2431)
	at com.turquaz.engine.ui.EngUIEntryFrame.showGUI(EngUIEntryFrame.java:123)
	at com.turquaz.engine.ui.EngUIEntryFrame.main(EngUIEntryFrame.java:96)
Caused by: Batch entry 0 delete from turq_inventory_warehouses where inventory_warehouses_id= was aborted. Call getNextException() to see the cause.
	at org.postgresql.jdbc2.AbstractJdbc2Statement.executeBatch(AbstractJdbc2Statement.java:108)
	at net.sf.hibernate.impl.BatchingBatcher.doExecuteBatch(BatchingBatcher.java:54)
	at net.sf.hibernate.impl.BatcherImpl.executeBatch(BatcherImpl.java:118)
	... 30 more
